[11-Jan-2016 23:31:29 America/Los_Angeles] PHP Fatal error:  Uncaught exception 'PDOException' with message 'SQLSTATE[HY000] [2003] Can't connect to MySQL server on '127.0.0.1' (111)' in /var/www/html/hello/model/dataModel.php:17
Stack trace:
#0 /var/www/html/hello/model/dataModel.php(17): PDO->__construct('mysql:host=127....', 'root', 'root', Array)
#1 /var/www/html/hello/controller/dataController.php(12): dataModel->__construct()
#2 /var/www/html/hello/library/core.php(44): dataController->__construct(Array)
#3 /var/www/html/hello/library/core.php(22): Core::initController(Array)
#4 /var/www/html/hello/index.php(18): Core::run(Array)
#5 {main}
  thrown in /var/www/html/hello/model/dataModel.php on line 17
[11-Jan-2016 23:32:26 America/Los_Angeles] PHP Fatal error:  Uncaught exception 'PDOException' with message 'SQLSTATE[HY000] [2003] Can't connect to MySQL server on '127.0.0.1' (111)' in /var/www/html/hello/model/dataModel.php:17
Stack trace:
#0 /var/www/html/hello/model/dataModel.php(17): PDO->__construct('mysql:host=127....', 'root', 'root', Array)
#1 /var/www/html/hello/controller/dataController.php(12): dataModel->__construct()
#2 /var/www/html/hello/library/core.php(44): dataController->__construct(Array)
#3 /var/www/html/hello/library/core.php(22): Core::initController(Array)
#4 /var/www/html/hello/index.php(18): Core::run(Array)
#5 {main}
  thrown in /var/www/html/hello/model/dataModel.php on line 17
[11-Jan-2016 23:32:28 America/Los_Angeles] PHP Notice:  Undefined index: userName in /var/www/html/hello/templates_c/6d64924046182d81623334bad57b2b456aaebf4c.file.index.html.php on line 128
[11-Jan-2016 23:32:28 America/Los_Angeles] PHP Notice:  Trying to get property of non-object in /var/www/html/hello/templates_c/6d64924046182d81623334bad57b2b456aaebf4c.file.index.html.php on line 128
[11-Jan-2016 23:32:30 America/Los_Angeles] PHP Fatal error:  Uncaught exception 'PDOException' with message 'SQLSTATE[HY000] [2003] Can't connect to MySQL server on '127.0.0.1' (111)' in /var/www/html/hello/model/dataModel.php:17
Stack trace:
#0 /var/www/html/hello/model/dataModel.php(17): PDO->__construct('mysql:host=127....', 'root', 'root', Array)
#1 /var/www/html/hello/controller/dataController.php(12): dataModel->__construct()
#2 /var/www/html/hello/library/core.php(44): dataController->__construct(Array)
#3 /var/www/html/hello/library/core.php(22): Core::initController(Array)
#4 /var/www/html/hello/index.php(18): Core::run(Array)
#5 {main}
  thrown in /var/www/html/hello/model/dataModel.php on line 17
[11-Jan-2016 23:32:31 America/Los_Angeles] PHP Fatal error:  Uncaught exception 'PDOException' with message 'SQLSTATE[HY000] [2003] Can't connect to MySQL server on '127.0.0.1' (111)' in /var/www/html/hello/model/dataModel.php:17
Stack trace:
#0 /var/www/html/hello/model/dataModel.php(17): PDO->__construct('mysql:host=127....', 'root', 'root', Array)
#1 /var/www/html/hello/controller/dataController.php(12): dataModel->__construct()
#2 /var/www/html/hello/library/core.php(44): dataController->__construct(Array)
#3 /var/www/html/hello/library/core.php(22): Core::initController(Array)
#4 /var/www/html/hello/index.php(18): Core::run(Array)
#5 {main}
  thrown in /var/www/html/hello/model/dataModel.php on line 17
[11-Jan-2016 23:32:31 America/Los_Angeles] PHP Fatal error:  Uncaught exception 'PDOException' with message 'SQLSTATE[HY000] [2003] Can't connect to MySQL server on '127.0.0.1' (111)' in /var/www/html/hello/model/dataModel.php:17
Stack trace:
#0 /var/www/html/hello/model/dataModel.php(17): PDO->__construct('mysql:host=127....', 'root', 'root', Array)
#1 /var/www/html/hello/controller/dataController.php(12): dataModel->__construct()
#2 /var/www/html/hello/library/core.php(44): dataController->__construct(Array)
#3 /var/www/html/hello/library/core.php(22): Core::initController(Array)
#4 /var/www/html/hello/index.php(18): Core::run(Array)
#5 {main}
  thrown in /var/www/html/hello/model/dataModel.php on line 17
[11-Jan-2016 23:32:48 America/Los_Angeles] PHP Fatal error:  Uncaught exception 'PDOException' with message 'SQLSTATE[HY000] [2003] Can't connect to MySQL server on '127.0.0.1' (111)' in /var/www/html/hello/model/dataModel.php:17
Stack trace:
#0 /var/www/html/hello/model/dataModel.php(17): PDO->__construct('mysql:host=127....', 'root', 'root', Array)
#1 /var/www/html/hello/controller/dataController.php(12): dataModel->__construct()
#2 /var/www/html/hello/library/core.php(44): dataController->__construct(Array)
#3 /var/www/html/hello/library/core.php(22): Core::initController(Array)
#4 /var/www/html/hello/index.php(18): Core::run(Array)
#5 {main}
  thrown in /var/www/html/hello/model/dataModel.php on line 17
[11-Jan-2016 23:33:44 America/Los_Angeles] PHP Notice:  Undefined index: userName in /var/www/html/hello/templates_c/6d64924046182d81623334bad57b2b456aaebf4c.file.index.html.php on line 128
[11-Jan-2016 23:33:44 America/Los_Angeles] PHP Notice:  Trying to get property of non-object in /var/www/html/hello/templates_c/6d64924046182d81623334bad57b2b456aaebf4c.file.index.html.php on line 128
[11-Jan-2016 23:33:45 America/Los_Angeles] PHP Fatal error:  Uncaught exception 'PDOException' with message 'SQLSTATE[HY000] [2003] Can't connect to MySQL server on '127.0.0.1' (111)' in /var/www/html/hello/model/dataModel.php:17
Stack trace:
#0 /var/www/html/hello/model/dataModel.php(17): PDO->__construct('mysql:host=127....', 'root', 'root', Array)
#1 /var/www/html/hello/controller/dataController.php(12): dataModel->__construct()
#2 /var/www/html/hello/library/core.php(44): dataController->__construct(Array)
#3 /var/www/html/hello/library/core.php(22): Core::initController(Array)
#4 /var/www/html/hello/index.php(18): Core::run(Array)
#5 {main}
  thrown in /var/www/html/hello/model/dataModel.php on line 17
[11-Jan-2016 23:33:46 America/Los_Angeles] PHP Fatal error:  Uncaught exception 'PDOException' with message 'SQLSTATE[HY000] [2003] Can't connect to MySQL server on '127.0.0.1' (111)' in /var/www/html/hello/model/dataModel.php:17
Stack trace:
#0 /var/www/html/hello/model/dataModel.php(17): PDO->__construct('mysql:host=127....', 'root', 'root', Array)
#1 /var/www/html/hello/controller/dataController.php(12): dataModel->__construct()
#2 /var/www/html/hello/library/core.php(44): dataController->__construct(Array)
#3 /var/www/html/hello/library/core.php(22): Core::initController(Array)
#4 /var/www/html/hello/index.php(18): Core::run(Array)
#5 {main}
  thrown in /var/www/html/hello/model/dataModel.php on line 17
[11-Jan-2016 23:33:46 America/Los_Angeles] PHP Fatal error:  Uncaught exception 'PDOException' with message 'SQLSTATE[HY000] [2003] Can't connect to MySQL server on '127.0.0.1' (111)' in /var/www/html/hello/model/dataModel.php:17
Stack trace:
#0 /var/www/html/hello/model/dataModel.php(17): PDO->__construct('mysql:host=127....', 'root', 'root', Array)
#1 /var/www/html/hello/controller/dataController.php(12): dataModel->__construct()
#2 /var/www/html/hello/library/core.php(44): dataController->__construct(Array)
#3 /var/www/html/hello/library/core.php(22): Core::initController(Array)
#4 /var/www/html/hello/index.php(18): Core::run(Array)
#5 {main}
  thrown in /var/www/html/hello/model/dataModel.php on line 17
[11-Jan-2016 23:33:47 America/Los_Angeles] PHP Fatal error:  Uncaught exception 'PDOException' with message 'SQLSTATE[HY000] [2003] Can't connect to MySQL server on '127.0.0.1' (111)' in /var/www/html/hello/model/dataModel.php:17
Stack trace:
#0 /var/www/html/hello/model/dataModel.php(17): PDO->__construct('mysql:host=127....', 'root', 'root', Array)
#1 /var/www/html/hello/controller/dataController.php(12): dataModel->__construct()
#2 /var/www/html/hello/library/core.php(44): dataController->__construct(Array)
#3 /var/www/html/hello/library/core.php(22): Core::initController(Array)
#4 /var/www/html/hello/index.php(18): Core::run(Array)
#5 {main}
  thrown in /var/www/html/hello/model/dataModel.php on line 17
[11-Jan-2016 23:33:55 America/Los_Angeles] PHP Notice:  Undefined index: userName in /var/www/html/hello/templates_c/6d64924046182d81623334bad57b2b456aaebf4c.file.index.html.php on line 128
[11-Jan-2016 23:33:55 America/Los_Angeles] PHP Notice:  Trying to get property of non-object in /var/www/html/hello/templates_c/6d64924046182d81623334bad57b2b456aaebf4c.file.index.html.php on line 128
[11-Jan-2016 23:33:57 America/Los_Angeles] PHP Fatal error:  Uncaught exception 'PDOException' with message 'SQLSTATE[HY000] [2003] Can't connect to MySQL server on '127.0.0.1' (111)' in /var/www/html/hello/model/dataModel.php:17
Stack trace:
#0 /var/www/html/hello/model/dataModel.php(17): PDO->__construct('mysql:host=127....', 'root', 'root', Array)
#1 /var/www/html/hello/controller/dataController.php(12): dataModel->__construct()
#2 /var/www/html/hello/library/core.php(44): dataController->__construct(Array)
#3 /var/www/html/hello/library/core.php(22): Core::initController(Array)
#4 /var/www/html/hello/index.php(18): Core::run(Array)
#5 {main}
  thrown in /var/www/html/hello/model/dataModel.php on line 17
[11-Jan-2016 23:38:23 America/Los_Angeles] PHP Notice:  Undefined index: userName in /var/www/html/hello/templates_c/6d64924046182d81623334bad57b2b456aaebf4c.file.index.html.php on line 128
[11-Jan-2016 23:38:23 America/Los_Angeles] PHP Notice:  Trying to get property of non-object in /var/www/html/hello/templates_c/6d64924046182d81623334bad57b2b456aaebf4c.file.index.html.php on line 128
[11-Jan-2016 23:38:25 America/Los_Angeles] PHP Parse error:  syntax error, unexpected 'PDOException' (T_STRING), expecting '(' in /var/www/html/hello/model/dataModel.php on line 21
[11-Jan-2016 23:38:27 America/Los_Angeles] PHP Parse error:  syntax error, unexpected 'PDOException' (T_STRING), expecting '(' in /var/www/html/hello/model/dataModel.php on line 21
[11-Jan-2016 23:38:32 America/Los_Angeles] PHP Parse error:  syntax error, unexpected 'PDOException' (T_STRING), expecting '(' in /var/www/html/hello/model/dataModel.php on line 21
[11-Jan-2016 23:39:32 America/Los_Angeles] PHP Notice:  Undefined index: userName in /var/www/html/hello/templates_c/6d64924046182d81623334bad57b2b456aaebf4c.file.index.html.php on line 128
[11-Jan-2016 23:39:32 America/Los_Angeles] PHP Notice:  Trying to get property of non-object in /var/www/html/hello/templates_c/6d64924046182d81623334bad57b2b456aaebf4c.file.index.html.php on line 128
[11-Jan-2016 23:39:34 America/Los_Angeles] PHP Parse error:  syntax error, unexpected 'PDOException' (T_STRING), expecting '(' in /var/www/html/hello/model/dataModel.php on line 21
[11-Jan-2016 23:39:35 America/Los_Angeles] PHP Parse error:  syntax error, unexpected 'PDOException' (T_STRING), expecting '(' in /var/www/html/hello/model/dataModel.php on line 21
[11-Jan-2016 23:39:37 America/Los_Angeles] PHP Notice:  Undefined index: userName in /var/www/html/hello/templates_c/6d64924046182d81623334bad57b2b456aaebf4c.file.index.html.php on line 128
[11-Jan-2016 23:39:37 America/Los_Angeles] PHP Notice:  Trying to get property of non-object in /var/www/html/hello/templates_c/6d64924046182d81623334bad57b2b456aaebf4c.file.index.html.php on line 128
[11-Jan-2016 23:39:39 America/Los_Angeles] PHP Parse error:  syntax error, unexpected 'PDOException' (T_STRING), expecting '(' in /var/www/html/hello/model/dataModel.php on line 21
[11-Jan-2016 23:39:46 America/Los_Angeles] PHP Notice:  Undefined index: userName in /var/www/html/hello/templates_c/6d64924046182d81623334bad57b2b456aaebf4c.file.index.html.php on line 128
[11-Jan-2016 23:39:46 America/Los_Angeles] PHP Notice:  Trying to get property of non-object in /var/www/html/hello/templates_c/6d64924046182d81623334bad57b2b456aaebf4c.file.index.html.php on line 128
[11-Jan-2016 23:39:47 America/Los_Angeles] PHP Parse error:  syntax error, unexpected 'PDOException' (T_STRING), expecting '(' in /var/www/html/hello/model/dataModel.php on line 21
[11-Jan-2016 23:39:48 America/Los_Angeles] PHP Parse error:  syntax error, unexpected 'PDOException' (T_STRING), expecting '(' in /var/www/html/hello/model/dataModel.php on line 21
[11-Jan-2016 23:39:50 America/Los_Angeles] PHP Parse error:  syntax error, unexpected 'PDOException' (T_STRING), expecting '(' in /var/www/html/hello/model/dataModel.php on line 21
[11-Jan-2016 23:41:03 America/Los_Angeles] PHP Notice:  Undefined index: userName in /var/www/html/hello/templates_c/6d64924046182d81623334bad57b2b456aaebf4c.file.index.html.php on line 128
[11-Jan-2016 23:41:03 America/Los_Angeles] PHP Notice:  Trying to get property of non-object in /var/www/html/hello/templates_c/6d64924046182d81623334bad57b2b456aaebf4c.file.index.html.php on line 128
[11-Jan-2016 23:59:24 America/Los_Angeles] PHP Notice:  Undefined index: userName in /var/www/html/hello/templates_c/6d64924046182d81623334bad57b2b456aaebf4c.file.index.html.php on line 128
[11-Jan-2016 23:59:24 America/Los_Angeles] PHP Notice:  Trying to get property of non-object in /var/www/html/hello/templates_c/6d64924046182d81623334bad57b2b456aaebf4c.file.index.html.php on line 128
[12-Jan-2016 00:01:04 America/Los_Angeles] PHP Notice:  Undefined index: userName in /var/www/html/hello/templates_c/6d64924046182d81623334bad57b2b456aaebf4c.file.index.html.php on line 128
[12-Jan-2016 00:01:04 America/Los_Angeles] PHP Notice:  Trying to get property of non-object in /var/www/html/hello/templates_c/6d64924046182d81623334bad57b2b456aaebf4c.file.index.html.php on line 128
